Sun Apr 13 15:50:04 2025: Falco version: 0.40.0 (x86_64)
Sun Apr 13 15:50:04 2025: Falco initialized with configuration files:
Sun Apr 13 15:50:04 2025:    /etc/falco/config.d/engine-kind-falcoctl.yaml | schema validation: ok
Sun Apr 13 15:50:04 2025:    /etc/falco/falco.yaml | schema validation: ok
Sun Apr 13 15:50:04 2025: System info: Linux version 6.11.0-21-generic (buildd@lcy02-amd64-097) (x86_64-linux-gnu-gcc-13 (Ubuntu 13.3.0-6ubuntu2~24.04) 13.3.0, GNU ld (GNU Binutils for Ubuntu) 2.42) #21~24.04.1-Ubuntu SMP PREEMPT_DYNAMIC Mon Feb 24 16:52:15 UTC 2
Sun Apr 13 15:50:04 2025: Loading rules from:
Sun Apr 13 15:50:04 2025:    /etc/falco/falco_rules.yaml | schema validation: ok
Sun Apr 13 15:50:04 2025:    /etc/falco/falco_rules.local.yaml | schema validation: none
Sun Apr 13 15:50:04 2025: The chosen syscall buffer dimension is: 8388608 bytes (8 MBs)
Sun Apr 13 15:50:04 2025: Starting health webserver with threadiness 4, listening on 0.0.0.0:8765
Sun Apr 13 15:50:04 2025: Setting metrics interval to 1h, equivalent to 3600000 (ms)
Sun Apr 13 15:50:04 2025: Loaded event sources: syscall
Sun Apr 13 15:50:04 2025: Enabled event sources: syscall
Sun Apr 13 15:50:04 2025: Opening 'syscall' source with modern BPF probe.
Sun Apr 13 15:50:04 2025: One ring buffer every '2' CPUs.
{"hostname":"Raghavendra","output":"15:50:14.244932473: Notice A shell was spawned in a container with an attached terminal (evt_type=execve user=root user_uid=0 user_loginuid=-1 process=sh proc_exepath=/bin/sh parent=runc command=sh terminal=34816 exe_flags=EXE_WRITABLE|EXE_LOWER_LAYER container_id=b28588c21408 container_name=gifted_hodgkin)","output_fields":{"container.id":"b28588c21408","container.name":"gifted_hodgkin","evt.arg.flags":"EXE_WRITABLE|EXE_LOWER_LAYER","evt.time":1744539614244932473,"evt.type":"execve","proc.cmdline":"sh","proc.exepath":"/bin/sh","proc.name":"sh","proc.pname":"runc","proc.tty":34816,"user.loginuid":-1,"user.name":"root","user.uid":0},"priority":"Notice","rule":"Terminal shell in container","source":"syscall","tags":["T1059","container","maturity_stable","mitre_execution","shell"],"time":"2025-04-13T10:20:14.244932473Z"}
Sun Apr 13 15:50:21 2025: SIGINT received, exiting...
Syscall event drop monitoring:
   - event drop detected: 0 occurrences
   - num times actions taken: 0
Events detected: 1
Rule counts by severity:
   NOTICE: 1
Triggered rules by rule name:
   Terminal shell in container: 1
